Log file open, 08/19/19 03:48:02
LogWindows: Failed to load 'aqProf.dll' (GetLastError=126)
LogWindows: File 'aqProf.dll' does not exist
LogWindows: Failed to load 'VtuneApi.dll' (GetLastError=126)
LogWindows: File 'VtuneApi.dll' does not exist
LogWindows: Failed to load 'VtuneApi32e.dll' (GetLastError=126)
LogWindows: File 'VtuneApi32e.dll' does not exist
LogConsoleResponse: Display: Failed to find resolution value strings in scalability ini. Falling back to default.
LogInit: Display: Running engine for game: PuzzlePlatforms
LogPakFile: Registered encryption key '00000000000000000000000000000000': 0 pak files mounted, 0 remain pending
LogPlatformFile: Not using cached read wrapper
LogTaskGraph: Started task graph with 5 named threads and 35 total threads with 3 sets of task threads.
LogStats: Stats thread started at 0.414309
LogD3D11RHI: Loaded GFSDK_Aftermath_Lib.x64.dll
LogICUInternationalization: ICU TimeZone Detection - Raw Offset: +2:00, Platform Override: ''
LogPluginManager: Mounting plugin Paper2D
LogPluginManager: Mounting plugin AISupport
LogPluginManager: Mounting plugin LightPropagationVolume
LogPluginManager: Mounting plugin ActorLayerUtilities
LogPluginManager: Mounting plugin AnimationSharing
LogPluginManager: Mounting plugin CLionSourceCodeAccess
LogPluginManager: Mounting plugin CodeLiteSourceCodeAccess
LogPluginManager: Mounting plugin GitSourceControl
LogPluginManager: Mounting plugin KDevelopSourceCodeAccess
LogPluginManager: Mounting plugin NullSourceCodeAccess
LogPluginManager: Mounting plugin PerforceSourceControl
LogPluginManager: Mounting plugin SubversionSourceControl
LogPluginManager: Mounting plugin UObjectPlugin
LogPluginManager: Mounting plugin VisualStudioCodeSourceCodeAccess
LogPluginManager: Mounting plugin VisualStudioSourceCodeAccess
LogPluginManager: Mounting plugin XCodeSourceCodeAccess
LogPluginManager: Mounting plugin AssetManagerEditor
LogPluginManager: Mounting plugin CryptoKeys
LogPluginManager: Mounting plugin DataValidation
LogPluginManager: Mounting plugin FacialAnimation
LogPluginManager: Mounting plugin GameplayTagsEditor
LogPluginManager: Mounting plugin MacGraphicsSwitching
LogPluginManager: Mounting plugin MaterialAnalyzer
LogPluginManager: Mounting plugin MobileLauncherProfileWizard
LogPluginManager: Mounting plugin PluginBrowser
LogPluginManager: Mounting plugin SpeedTreeImporter
LogPluginManager: Mounting plugin DatasmithContent
LogPluginManager: Mounting plugin VariantManagerContent
LogPluginManager: Mounting plugin AlembicImporter
LogPluginManager: Mounting plugin AppleImageUtils
LogPluginManager: Mounting plugin AppleVision
LogPluginManager: Mounting plugin BackChannel
LogPluginManager: Mounting plugin CharacterAI
LogPluginManager: Mounting plugin GeometryCache
LogPluginManager: Mounting plugin HTML5Networking
LogPluginManager: Mounting plugin ProxyLODPlugin
LogPluginManager: Mounting plugin SkeletalReduction
LogPluginManager: Mounting plugin MagicLeap
LogPluginManager: Mounting plugin MagicLeapMedia
LogPluginManager: Mounting plugin AndroidMedia
LogPluginManager: Mounting plugin AvfMedia
LogPluginManager: Mounting plugin ImgMedia
LogPluginManager: Mounting plugin LinearTimecode
LogPluginManager: Mounting plugin MediaCompositing
LogPluginManager: Mounting plugin MediaPlayerEditor
LogPluginManager: Mounting plugin WebMMedia
LogPluginManager: Mounting plugin WmfMedia
LogPluginManager: Mounting plugin TcpMessaging
LogPluginManager: Mounting plugin UdpMessaging
LogPluginManager: Mounting plugin ActorSequence
LogPluginManager: Mounting plugin LevelSequenceEditor
LogPluginManager: Mounting plugin MatineeToLevelSequence
LogPluginManager: Mounting plugin NetcodeUnitTest
LogPluginManager: Mounting plugin NUTUnrealEngine4
LogPluginManager: Mounting plugin OnlineSubsystemGooglePlay
LogPluginManager: Mounting plugin OnlineSubsystemIOS
LogPluginManager: Mounting plugin OnlineSubsystem
LogPluginManager: Mounting plugin OnlineSubsystemNull
LogPluginManager: Mounting plugin OnlineSubsystemUtils
LogPluginManager: Mounting plugin LauncherChunkInstaller
LogPluginManager: Mounting plugin AndroidDeviceProfileSelector
LogPluginManager: Mounting plugin AndroidMoviePlayer
LogPluginManager: Mounting plugin AndroidPermission
LogPluginManager: Mounting plugin AppleMoviePlayer
LogPluginManager: Mounting plugin ArchVisCharacter
LogPluginManager: Mounting plugin AudioCapture
LogPluginManager: Mounting plugin CableComponent
LogPluginManager: Mounting plugin CustomMeshComponent
LogPluginManager: Mounting plugin EditableMesh
LogPluginManager: Mounting plugin ExampleDeviceProfileSelector
LogPluginManager: Mounting plugin Firebase
LogPluginManager: Mounting plugin GoogleCloudMessaging
LogPluginManager: Mounting plugin IOSDeviceProfileSelector
LogPluginManager: Mounting plugin LinuxDeviceProfileSelector
LogPluginManager: Mounting plugin LocationServicesBPLibrary
LogPluginManager: Mounting plugin MobilePatchingUtils
LogPluginManager: Mounting plugin OculusVR
LogPluginManager: Mounting plugin PhysXVehicles
LogPluginManager: Mounting plugin ProceduralMeshComponent
LogPluginManager: Mounting plugin RuntimePhysXCooking
LogPluginManager: Mounting plugin SignificanceManager
LogPluginManager: Mounting plugin SteamVR
LogPluginManager: Mounting plugin WebMMoviePlayer
LogPluginManager: Mounting plugin WindowsMoviePlayer
LogInit: Using libcurl 7.55.1-DEV
LogInit:  - built for x86_64-pc-win32
LogInit:  - supports SSL with OpenSSL/1.1.1
LogInit:  - supports HTTP deflate (compression) using libz 1.2.8
LogInit:  - other features:
LogInit:      CURL_VERSION_SSL
LogInit:      CURL_VERSION_LIBZ
LogInit:      CURL_VERSION_IPV6
LogInit:      CURL_VERSION_ASYNCHDNS
LogInit:      CURL_VERSION_LARGEFILE
LogInit:      CURL_VERSION_IDN
LogInit:  CurlRequestOptions (configurable via config and command line):
LogInit:  - bVerifyPeer = true  - Libcurl will verify peer certificate
LogInit:  - bUseHttpProxy = false  - Libcurl will NOT use HTTP proxy
LogInit:  - bDontReuseConnections = false  - Libcurl will reuse connections
LogInit:  - MaxHostConnections = 16  - Libcurl will limit the number of connections to a host
LogInit:  - LocalHostAddr = Default
LogInit:  - BufferSize = 65536
LogInit: WinSock: version 1.1 (2.2), MaxSocks=32767, MaxUdp=65467
LogInit: Build: ++UE4+Release-4.22-CL-7053642
LogInit: Engine Version: 4.22.3-7053642+++UE4+Release-4.22
LogInit: Compatible Engine Version: 4.22.0-5660361+++UE4+Release-4.22
LogInit: Net CL: 5660361
LogInit: OS: Windows 10 (Release 1903) (), CPU: AMD Ryzen 5 1600 Six-Core Processor            , GPU: NVIDIA GeForce GTX 1050 Ti
LogInit: Compiled (64-bit): Jun 18 2019 03:09:11
LogInit: Compiled with Visual C++: 19.16.27025.01
LogInit: Build Configuration: Development
LogInit: Branch Name: ++UE4+Release-4.22
LogInit: Command Line: 
LogInit: Base Directory: C:/Program Files/Epic Games/UE_4.22/Engine/Binaries/Win64/
LogInit: Installed Engine Build: 1
LogDevObjectVersion: Number of dev versions registered: 23
LogDevObjectVersion:   Dev-Blueprints (B0D832E4-1F89-4F0D-ACCF-7EB736FD4AA2): 10
LogDevObjectVersion:   Dev-Build (E1C64328-A22C-4D53-A36C-8E866417BD8C): 0
LogDevObjectVersion:   Dev-Core (375EC13C-06E4-48FB-B500-84F0262A717E): 3
LogDevObjectVersion:   Dev-Editor (E4B068ED-F494-42E9-A231-DA0B2E46BB41): 30
LogDevObjectVersion:   Dev-Framework (CFFC743F-43B0-4480-9391-14DF171D2073): 35
LogDevObjectVersion:   Dev-Mobile (B02B49B5-BB20-44E9-A304-32B752E40360): 2
LogDevObjectVersion:   Dev-Networking (A4E4105C-59A1-49B5-A7C5-40C4547EDFEE): 0
LogDevObjectVersion:   Dev-Online (39C831C9-5AE6-47DC-9A44-9C173E1C8E7C): 0
LogDevObjectVersion:   Dev-Physics (78F01B33-EBEA-4F98-B9B4-84EACCB95AA2): 0
LogDevObjectVersion:   Dev-Platform (6631380F-2D4D-43E0-8009-CF276956A95A): 0
LogDevObjectVersion:   Dev-Rendering (12F88B9F-8875-4AFC-A67C-D90C383ABD29): 28
LogDevObjectVersion:   Dev-Sequencer (7B5AE74C-D270-4C10-A958-57980B212A5A): 11
LogDevObjectVersion:   Dev-VR (D7296918-1DD6-4BDD-9DE2-64A83CC13884): 2
LogDevObjectVersion:   Dev-LoadTimes (C2A15278-BFE7-4AFE-6C17-90FF531DF755): 1
LogDevObjectVersion:   Private-Geometry (6EACA3D4-40EC-4CC1-B786-8BED09428FC5): 3
LogDevObjectVersion:   Dev-AnimPhys (29E575DD-E0A3-4627-9D10-D276232CDCEA): 17
LogDevObjectVersion:   Dev-Anim (AF43A65D-7FD3-4947-9873-3E8ED9C1BB05): 2
LogDevObjectVersion:   Dev-ReflectionCapture (6B266CEC-1EC7-4B8F-A30B-E4D90942FC07): 1
LogDevObjectVersion:   Dev-Automation (0DF73D61-A23F-47EA-B727-89E90C41499A): 1
LogDevObjectVersion:   FortniteMain (601D1886-AC64-4F84-AA16-D3DE0DEAC7D6): 25
LogDevObjectVersion:   Dev-Enterprise (9DFFBCD6-494F-0158-E221-12823C92A888): 6
LogDevObjectVersion:   Dev-Niagara (F2AED0AC-9AFE-416F-8664-AA7FFA26D6FC): 1
LogDevObjectVersion:   Dev-Destruction (174F1F0B-B4C6-45A5-B13F-2EE8D0FB917D): 2
LogInit: Presizing for max 16777216 objects, including 0 objects not considered by GC, pre-allocating 0 bytes for permanent pool.
LogInit: Object subsystem initialized
LogConfig: Setting CVar [[con.DebugEarlyDefault:1]]
LogConfig: Setting CVar [[r.setres:1280x720]]
[2019.08.19-01.48.02:502][  0]LogConfig: Setting CVar [[r.VSync:0]]
[2019.08.19-01.48.02:502][  0]LogConfig: Setting CVar [[r.RHICmdBypass:0]]
[2019.08.19-01.48.02:502][  0]LogConfig: Applying CVar settings from Section [/Script/Engine.RendererSettings] File [C:/Users/mattt/Documents/Unreal Projects/PuzzlePlatforms/Saved/Config/Windows/Engine.ini]
[2019.08.19-01.48.02:502][  0]LogConfig: Setting CVar [[r.GPUCrashDebugging:0]]
[2019.08.19-01.48.02:502][  0]LogConfig: Applying CVar settings from Section [/Script/Engine.RendererOverrideSettings] File [C:/Users/mattt/Documents/Unreal Projects/PuzzlePlatforms/Saved/Config/Windows/Engine.ini]
[2019.08.19-01.48.02:502][  0]LogConfig: Applying CVar settings from Section [/Script/Engine.StreamingSettings] File [C:/Users/mattt/Documents/Unreal Projects/PuzzlePlatforms/Saved/Config/Windows/Engine.ini]
[2019.08.19-01.48.02:502][  0]LogConfig: Setting CVar [[s.MinBulkDataSizeForAsyncLoading:131072]]
[2019.08.19-01.48.02:502][  0]LogConfig: Setting CVar [[s.AsyncLoadingThreadEnabled:0]]
[2019.08.19-01.48.02:502][  0]LogConfig: Setting CVar [[s.EventDrivenLoaderEnabled:1]]
[2019.08.19-01.48.02:502][  0]LogConfig: Setting CVar [[s.WarnIfTimeLimitExceeded:0]]
[2019.08.19-01.48.02:502][  0]LogConfig: Setting CVar [[s.TimeLimitExceededMultiplier:1.5]]
[2019.08.19-01.48.02:502][  0]LogConfig: Setting CVar [[s.TimeLimitExceededMinTime:0.005]]
[2019.08.19-01.48.02:502][  0]LogConfig: Setting CVar [[s.UseBackgroundLevelStreaming:1]]
[2019.08.19-01.48.02:502][  0]LogConfig: Setting CVar [[s.PriorityAsyncLoadingExtraTime:15.0]]
[2019.08.19-01.48.02:502][  0]LogConfig: Setting CVar [[s.LevelStreamingActorsUpdateTimeLimit:5.0]]
[2019.08.19-01.48.02:502][  0]LogConfig: Setting CVar [[s.PriorityLevelStreamingActorsUpdateExtraTime:5.0]]
[2019.08.19-01.48.02:502][  0]LogConfig: Setting CVar [[s.LevelStreamingComponentsRegistrationGranularity:10]]
[2019.08.19-01.48.02:502][  0]LogConfig: Setting CVar [[s.UnregisterComponentsTimeLimit:1.0]]
[2019.08.19-01.48.02:502][  0]LogConfig: Setting CVar [[s.LevelStreamingComponentsUnregistrationGranularity:5]]
[2019.08.19-01.48.02:502][  0]LogConfig: Applying CVar settings from Section [/Script/Engine.GarbageCollectionSettings] File [C:/Users/mattt/Documents/Unreal Projects/PuzzlePlatforms/Saved/Config/Windows/Engine.ini]
[2019.08.19-01.48.02:502][  0]LogConfig: Setting CVar [[gc.MaxObjectsNotConsideredByGC:1]]
[2019.08.19-01.48.02:502][  0]LogConfig: Setting CVar [[gc.SizeOfPermanentObjectPool:0]]
[2019.08.19-01.48.02:502][  0]LogConfig: Setting CVar [[gc.FlushStreamingOnGC:0]]
[2019.08.19-01.48.02:502][  0]LogConfig: Setting CVar [[gc.NumRetriesBeforeForcingGC:10]]
[2019.08.19-01.48.02:502][  0]LogConfig: Setting CVar [[gc.AllowParallelGC:1]]
[2019.08.19-01.48.02:502][  0]LogConfig: Setting CVar [[gc.TimeBetweenPurgingPendingKillObjects:61.1]]
[2019.08.19-01.48.02:502][  0]LogConfig: Setting CVar [[gc.MaxObjectsInEditor:16777216]]
[2019.08.19-01.48.02:502][  0]LogConfig: Setting CVar [[gc.IncrementalBeginDestroyEnabled:1]]
[2019.08.19-01.48.02:502][  0]LogConfig: Setting CVar [[gc.CreateGCClusters:1]]
[2019.08.19-01.48.02:502][  0]LogConfig: Setting CVar [[gc.MinGCClusterSize:5]]
[2019.08.19-01.48.02:502][  0]LogConfig: Setting CVar [[gc.ActorClusteringEnabled:0]]
[2019.08.19-01.48.02:502][  0]LogConfig: Setting CVar [[gc.BlueprintClusteringEnabled:0]]
[2019.08.19-01.48.02:502][  0]LogConfig: Setting CVar [[gc.UseDisregardForGCOnDedicatedServers:0]]
[2019.08.19-01.48.02:502][  0]LogConfig: Applying CVar settings from Section [/Script/Engine.NetworkSettings] File [C:/Users/mattt/Documents/Unreal Projects/PuzzlePlatforms/Saved/Config/Windows/Engine.ini]
[2019.08.19-01.48.02:502][  0]LogConfig: Applying CVar settings from Section [/Script/UnrealEd.CookerSettings] File [C:/Users/mattt/Documents/Unreal Projects/PuzzlePlatforms/Saved/Config/Windows/Engine.ini]
[2019.08.19-01.48.02:505][  0]LogConfig: Applying CVar settings from Section [ViewDistanceQuality@3] File [C:/Users/mattt/Documents/Unreal Projects/PuzzlePlatforms/Saved/Config/Windows/Scalability.ini]
[2019.08.19-01.48.02:505][  0]LogConfig: Setting CVar [[r.SkeletalMeshLODBias:0]]
[2019.08.19-01.48.02:505][  0]LogConfig: Setting CVar [[r.ViewDistanceScale:1.0]]
[2019.08.19-01.48.02:505][  0]LogConfig: Applying CVar settings from Section [AntiAliasingQuality@3] File [C:/Users/mattt/Documents/Unreal Projects/PuzzlePlatforms/Saved/Config/Windows/Scalability.ini]
[2019.08.19-01.48.02:505][  0]LogConfig: Setting CVar [[r.PostProcessAAQuality:4]]
[2019.08.19-01.48.02:505][  0]LogConfig: Applying CVar settings from Section [ShadowQuality@3] File [C:/Users/mattt/Documents/Unreal Projects/PuzzlePlatforms/Saved/Config/Windows/Scalability.ini]
[2019.08.19-01.48.02:505][  0]LogConfig: Setting CVar [[r.LightFunctionQuality:1]]
[2019.08.19-01.48.02:505][  0]LogConfig: Setting CVar [[r.ShadowQuality:5]]
[2019.08.19-01.48.02:505][  0]LogConfig: Setting CVar [[r.Shadow.CSM.MaxCascades:10]]
[2019.08.19-01.48.02:505][  0]LogConfig: Setting CVar [[r.Shadow.MaxResolution:2048]]
[2019.08.19-01.48.02:505][  0]LogConfig: Setting CVar [[r.Shadow.MaxCSMResolution:2048]]
[2019.08.19-01.48.02:505][  0]LogConfig: Setting CVar [[r.Shadow.RadiusThreshold:0.01]]
[2019.08.19-01.48.02:505][  0]LogConfig: Setting CVar [[r.Shadow.DistanceScale:1.0]]
[2019.08.19-01.48.02:505][  0]LogConfig: Setting CVar [[r.Shadow.CSM.TransitionScale:1.0]]
[2019.08.19-01.48.02:505][  0]LogConfig: Setting CVar [[r.Shadow.PreShadowResolutionFactor:1.0]]
[2019.08.19-01.48.02:505][  0]LogConfig: Setting CVar [[r.DistanceFieldShadowing:1]]
[2019.08.19-01.48.02:505][  0]LogConfig: Setting CVar [[r.DistanceFieldAO:1]]
[2019.08.19-01.48.02:505][  0]LogConfig: Setting CVar [[r.AOQuality:2]]
[2019.08.19-01.48.02:505][  0]LogConfig: Setting CVar [[r.VolumetricFog:1]]
[2019.08.19-01.48.02:505][  0]LogConfig: Setting CVar [[r.VolumetricFog.GridPixelSize:8]]
[2019.08.19-01.48.02:505][  0]LogConfig: Setting CVar [[r.VolumetricFog.GridSizeZ:128]]
[2019.08.19-01.48.02:505][  0]LogConfig: Setting CVar [[r.VolumetricFog.HistoryMissSupersampleCount:4]]
[2019.08.19-01.48.02:505][  0]LogConfig: Setting CVar [[r.LightMaxDrawDistanceScale:1]]
[2019.08.19-01.48.02:505][  0]LogConfig: Setting CVar [[r.CapsuleShadows:1]]
[2019.08.19-01.48.02:505][  0]LogConfig: Applying CVar settings from Section [PostProcessQuality@3] File [C:/Users/mattt/Documents/Unreal Projects/PuzzlePlatforms/Saved/Config/Windows/Scalability.ini]
[2019.08.19-01.48.02:505][  0]LogConfig: Setting CVar [[r.MotionBlurQuality:4]]
[2019.08.19-01.48.02:505][  0]LogConfig: Setting CVar [[r.AmbientOcclusionMipLevelFactor:0.4]]
[2019.08.19-01.48.02:505][  0]LogConfig: Setting CVar [[r.AmbientOcclusionMaxQuality:100]]
[2019.08.19-01.48.02:505][  0]LogConfig: Setting CVar [[r.AmbientOcclusionLevels:-1]]
[2019.08.19-01.48.02:505][  0]LogConfig: Setting CVar [[r.AmbientOcclusionRadiusScale:1.0]]
[2019.08.19-01.48.02:505][  0]LogConfig: Setting CVar [[r.DepthOfFieldQuality:2]]
[2019.08.19-01.48.02:505][  0]LogConfig: Setting CVar [[r.RenderTargetPoolMin:400]]
[2019.08.19-01.48.02:505][  0]LogConfig: Setting CVar [[r.LensFlareQuality:2]]
[2019.08.19-01.48.02:505][  0]LogConfig: Setting CVar [[r.SceneColorFringeQuality:1]]
[2019.08.19-01.48.02:505][  0]LogConfig: Setting CVar [[r.EyeAdaptationQuality:2]]
[2019.08.19-01.48.02:505][  0]LogConfig: Setting CVar [[r.BloomQuality:5]]
[2019.08.19-01.48.02:505][  0]LogConfig: Setting CVar [[r.FastBlurThreshold:100]]
[2019.08.19-01.48.02:505][  0]LogConfig: Setting CVar [[r.Upscale.Quality:3]]
[2019.08.19-01.48.02:505][  0]LogConfig: Setting CVar [[r.Tonemapper.GrainQuantization:1]]
[2019.08.19-01.48.02:505][  0]LogConfig: Setting CVar [[r.LightShaftQuality:1]]
[2019.08.19-01.48.02:505][  0]LogConfig: Setting CVar [[r.Filter.SizeScale:1]]
[2019.08.19-01.48.02:505][  0]LogConfig: Setting CVar [[r.Tonemapper.Quality:5]]
[2019.08.19-01.48.02:505][  0]LogConfig: Setting CVar [[r.DOF.Gather.AccumulatorQuality:1        ; higher gathering accumulator quality]]
[2019.08.19-01.48.02:505][  0]LogConfig: Setting CVar [[r.DOF.Gather.PostfilterMethod:1          ; Median3x3 postfilering method]]
[2019.08.19-01.48.02:505][  0]LogConfig: Setting CVar [[r.DOF.Gather.EnableBokehSettings:0       ; no bokeh simulation when gathering]]
[2019.08.19-01.48.02:505][  0]LogConfig: Setting CVar [[r.DOF.Gather.RingCount:4                 ; medium number of samples when gathering]]
[2019.08.19-01.48.02:505][  0]LogConfig: Setting CVar [[r.DOF.Scatter.ForegroundCompositing:1    ; additive foreground scattering]]
[2019.08.19-01.48.02:505][  0]LogConfig: Setting CVar [[r.DOF.Scatter.BackgroundCompositing:2    ; additive background scattering]]
[2019.08.19-01.48.02:505][  0]LogConfig: Setting CVar [[r.DOF.Scatter.EnableBokehSettings:1      ; bokeh simulation when scattering]]
[2019.08.19-01.48.02:505][  0]LogConfig: Setting CVar [[r.DOF.Scatter.MaxSpriteRatio:0.1         ; only a maximum of 10% of scattered bokeh]]
[2019.08.19-01.48.02:505][  0]LogConfig: Setting CVar [[r.DOF.Recombine.Quality:1                ; cheap slight out of focus]]
[2019.08.19-01.48.02:505][  0]LogConfig: Setting CVar [[r.DOF.Recombine.EnableBokehSettings:0    ; no bokeh simulation on slight out of focus]]
[2019.08.19-01.48.02:505][  0]LogConfig: Setting CVar [[r.DOF.TemporalAAQuality:1                ; more stable temporal accumulation]]
[2019.08.19-01.48.02:505][  0]LogConfig: Setting CVar [[r.DOF.Kernel.MaxForegroundRadius:0.025]]
[2019.08.19-01.48.02:505][  0]LogConfig: Setting CVar [[r.DOF.Kernel.MaxBackgroundRadius:0.025]]
[2019.08.19-01.48.02:505][  0]LogConfig: Applying CVar settings from Section [TextureQuality@3] File [C:/Users/mattt/Documents/Unreal Projects/PuzzlePlatforms/Saved/Config/Windows/Scalability.ini]
[2019.08.19-01.48.02:506][  0]LogConfig: Setting CVar [[r.Streaming.MipBias:0]]
[2019.08.19-01.48.02:506][  0]LogConfig: Setting CVar [[r.Streaming.AmortizeCPUToGPUCopy:0]]
[2019.08.19-01.48.02:506][  0]LogConfig: Setting CVar [[r.Streaming.MaxNumTexturesToStreamPerFrame:0]]
[2019.08.19-01.48.02:506][  0]LogConfig: Setting CVar [[r.Streaming.Boost:1]]
[2019.08.19-01.48.02:506][  0]LogConfig: Setting CVar [[r.MaxAnisotropy:8]]
[2019.08.19-01.48.02:506][  0]LogConfig: Setting CVar [[r.Streaming.LimitPoolSizeToVRAM:0]]
[2019.08.19-01.48.02:506][  0]LogConfig: Setting CVar [[r.Streaming.PoolSize:1000]]
[2019.08.19-01.48.02:506][  0]LogConfig: Setting CVar [[r.Streaming.MaxEffectiveScreenSize:0]]
[2019.08.19-01.48.02:506][  0]LogConfig: Applying CVar settings from Section [EffectsQuality@3] File [C:/Users/mattt/Documents/Unreal Projects/PuzzlePlatforms/Saved/Config/Windows/Scalability.ini]
[2019.08.19-01.48.02:506][  0]LogConfig: Setting CVar [[r.TranslucencyLightingVolumeDim:64]]
[2019.08.19-01.48.02:506][  0]LogConfig: Setting CVar [[r.RefractionQuality:2]]
[2019.08.19-01.48.02:506][  0]LogConfig: Setting CVar [[r.SSR.Quality:3]]
[2019.08.19-01.48.02:506][  0]LogConfig: Setting CVar [[r.SceneColorFormat:4]]
[2019.08.19-01.48.02:506][  0]LogConfig: Setting CVar [[r.DetailMode:2]]
[2019.08.19-01.48.02:506][  0]LogConfig: Setting CVar [[r.TranslucencyVolumeBlur:1]]
[2019.08.19-01.48.02:506][  0]LogConfig: Setting CVar [[r.MaterialQualityLevel:1 ; High quality]]
[2019.08.19-01.48.02:506][  0]LogConfig: Setting CVar [[r.SSS.Scale:1]]
[2019.08.19-01.48.02:506][  0]LogConfig: Setting CVar [[r.SSS.SampleSet:2]]
[2019.08.19-01.48.02:506][  0]LogConfig: Setting CVar [[r.SSS.Quality:1]]
[2019.08.19-01.48.02:506][  0]LogConfig: Setting CVar [[r.SSS.HalfRes:1]]
[2019.08.19-01.48.02:506][  0]LogConfig: Setting CVar [[r.EmitterSpawnRateScale:1.0]]
[2019.08.19-01.48.02:506][  0]LogConfig: Setting CVar [[r.ParticleLightQuality:2]]
[2019.08.19-01.48.02:506][  0]LogConfig: Applying CVar settings from Section [FoliageQuality@3] File [C:/Users/mattt/Documents/Unreal Projects/PuzzlePlatforms/Saved/Config/Windows/Scalability.ini]
[2019.08.19-01.48.02:506][  0]LogConfig: Setting CVar [[foliage.DensityScale:1.0]]
[2019.08.19-01.48.02:506][  0]LogConfig: Setting CVar [[grass.DensityScale:1.0]]
[2019.08.19-01.48.02:506][  0]LogInit: Selected Device Profile: [Windows]
[2019.08.19-01.48.02:506][  0]LogInit: Applying CVar settings loaded from the selected device profile: [Windows]
[2019.08.19-01.48.02:526][  0]LogHAL: Display: Platform has ~ 8 GB [8538619904 / 8589934592 / 8], which maps to Default [LargestMinGB=32, LargerMinGB=12, DefaultMinGB=8, SmallerMinGB=6, SmallestMinGB=0)
[2019.08.19-01.48.02:526][  0]LogConfig: Setting CVar [[r.Vulkan.UseRealUBs:0		; Required until we fix HLR fall-out]]
[2019.08.19-01.48.02:526][  0]LogInit: Going up to parent DeviceProfile []
[2019.08.19-01.48.02:526][  0]LogConfig: Applying CVar settings from Section [ViewDistanceQuality@3] File [C:/Users/mattt/Documents/Unreal Projects/PuzzlePlatforms/Saved/Config/Windows/Scalability.ini]
[2019.08.19-01.48.02:526][  0]LogConfig: Setting CVar [[r.SkeletalMeshLODBias:0]]
[2019.08.19-01.48.02:526][  0]LogConfig: Setting CVar [[r.ViewDistanceScale:1.0]]
[2019.08.19-01.48.02:526][  0]LogConfig: Applying CVar settings from Section [AntiAliasingQuality@3] File [C:/Users/mattt/Documents/Unreal Projects/PuzzlePlatforms/Saved/Config/Windows/Scalability.ini]
[2019.08.19-01.48.02:526][  0]LogConfig: Setting CVar [[r.PostProcessAAQuality:4]]
[2019.08.19-01.48.02:526][  0]LogConfig: Applying CVar settings from Section [ShadowQuality@3] File [C:/Users/mattt/Documents/Unreal Projects/PuzzlePlatforms/Saved/Config/Windows/Scalability.ini]
[2019.08.19-01.48.02:526][  0]LogConfig: Setting CVar [[r.LightFunctionQuality:1]]
[2019.08.19-01.48.02:526][  0]LogConfig: Setting CVar [[r.ShadowQuality:5]]
[2019.08.19-01.48.02:526][  0]LogConfig: Setting CVar [[r.Shadow.CSM.MaxCascades:10]]
[2019.08.19-01.48.02:526][  0]LogConfig: Setting CVar [[r.Shadow.MaxResolution:2048]]
[2019.08.19-01.48.02:526][  0]LogConfig: Setting CVar [[r.Shadow.MaxCSMResolution:2048]]
[2019.08.19-01.48.02:526][  0]LogConfig: Setting CVar [[r.Shadow.RadiusThreshold:0.01]]
[2019.08.19-01.48.02:526][  0]LogConfig: Setting CVar [[r.Shadow.DistanceScale:1.0]]
[2019.08.19-01.48.02:526][  0]LogConfig: Setting CVar [[r.Shadow.CSM.TransitionScale:1.0]]
[2019.08.19-01.48.02:526][  0]LogConfig: Setting CVar [[r.Shadow.PreShadowResolutionFactor:1.0]]
[2019.08.19-01.48.02:526][  0]LogConfig: Setting CVar [[r.DistanceFieldShadowing:1]]
[2019.08.19-01.48.02:526][  0]LogConfig: Setting CVar [[r.DistanceFieldAO:1]]
[2019.08.19-01.48.02:526][  0]LogConfig: Setting CVar [[r.AOQuality:2]]
[2019.08.19-01.48.02:526][  0]LogConfig: Setting CVar [[r.VolumetricFog:1]]
[2019.08.19-01.48.02:526][  0]LogConfig: Setting CVar [[r.VolumetricFog.GridPixelSize:8]]
[2019.08.19-01.48.02:526][  0]LogConfig: Setting CVar [[r.VolumetricFog.GridSizeZ:128]]
[2019.08.19-01.48.02:526][  0]LogConfig: Setting CVar [[r.VolumetricFog.HistoryMissSupersampleCount:4]]
[2019.08.19-01.48.02:526][  0]LogConfig: Setting CVar [[r.LightMaxDrawDistanceScale:1]]
[2019.08.19-01.48.02:526][  0]LogConfig: Setting CVar [[r.CapsuleShadows:1]]
[2019.08.19-01.48.02:526][  0]LogConfig: Applying CVar settings from Section [PostProcessQuality@3] File [C:/Users/mattt/Documents/Unreal Projects/PuzzlePlatforms/Saved/Config/Windows/Scalability.ini]
[2019.08.19-01.48.02:526][  0]LogConfig: Setting CVar [[r.MotionBlurQuality:4]]
[2019.08.19-01.48.02:526][  0]LogConfig: Setting CVar [[r.AmbientOcclusionMipLevelFactor:0.4]]
[2019.08.19-01.48.02:526][  0]LogConfig: Setting CVar [[r.AmbientOcclusionMaxQuality:100]]
[2019.08.19-01.48.02:526][  0]LogConfig: Setting CVar [[r.AmbientOcclusionLevels:-1]]
[2019.08.19-01.48.02:526][  0]LogConfig: Setting CVar [[r.AmbientOcclusionRadiusScale:1.0]]
[2019.08.19-01.48.02:526][  0]LogConfig: Setting CVar [[r.DepthOfFieldQuality:2]]
[2019.08.19-01.48.02:526][  0]LogConfig: Setting CVar [[r.RenderTargetPoolMin:400]]
[2019.08.19-01.48.02:526][  0]LogConfig: Setting CVar [[r.LensFlareQuality:2]]
[2019.08.19-01.48.02:526][  0]LogConfig: Setting CVar [[r.SceneColorFringeQuality:1]]
[2019.08.19-01.48.02:526][  0]LogConfig: Setting CVar [[r.EyeAdaptationQuality:2]]
[2019.08.19-01.48.02:526][  0]LogConfig: Setting CVar [[r.BloomQuality:5]]
[2019.08.19-01.48.02:527][  0]LogConfig: Setting CVar [[r.FastBlurThreshold:100]]
[2019.08.19-01.48.02:527][  0]LogConfig: Setting CVar [[r.Upscale.Quality:3]]
[2019.08.19-01.48.02:527][  0]LogConfig: Setting CVar [[r.Tonemapper.GrainQuantization:1]]
[2019.08.19-01.48.02:527][  0]LogConfig: Setting CVar [[r.LightShaftQuality:1]]
[2019.08.19-01.48.02:527][  0]LogConfig: Setting CVar [[r.Filter.SizeScale:1]]
[2019.08.19-01.48.02:527][  0]LogConfig: Setting CVar [[r.Tonemapper.Quality:5]]
[2019.08.19-01.48.02:527][  0]LogConfig: Setting CVar [[r.DOF.Gather.AccumulatorQuality:1        ; higher gathering accumulator quality]]
[2019.08.19-01.48.02:527][  0]LogConfig: Setting CVar [[r.DOF.Gather.PostfilterMethod:1          ; Median3x3 postfilering method]]
[2019.08.19-01.48.02:527][  0]LogConfig: Setting CVar [[r.DOF.Gather.EnableBokehSettings:0       ; no bokeh simulation when gathering]]
[2019.08.19-01.48.02:527][  0]LogConfig: Setting CVar [[r.DOF.Gather.RingCount:4                 ; medium number of samples when gathering]]
[2019.08.19-01.48.02:527][  0]LogConfig: Setting CVar [[r.DOF.Scatter.ForegroundCompositing:1    ; additive foreground scattering]]
[2019.08.19-01.48.02:527][  0]LogConfig: Setting CVar [[r.DOF.Scatter.BackgroundCompositing:2    ; additive background scattering]]
[2019.08.19-01.48.02:527][  0]LogConfig: Setting CVar [[r.DOF.Scatter.EnableBokehSettings:1      ; bokeh simulation when scattering]]
[2019.08.19-01.48.02:527][  0]LogConfig: Setting CVar [[r.DOF.Scatter.MaxSpriteRatio:0.1         ; only a maximum of 10% of scattered bokeh]]
[2019.08.19-01.48.02:527][  0]LogConfig: Setting CVar [[r.DOF.Recombine.Quality:1                ; cheap slight out of focus]]
[2019.08.19-01.48.02:527][  0]LogConfig: Setting CVar [[r.DOF.Recombine.EnableBokehSettings:0    ; no bokeh simulation on slight out of focus]]
[2019.08.19-01.48.02:527][  0]LogConfig: Setting CVar [[r.DOF.TemporalAAQuality:1                ; more stable temporal accumulation]]
[2019.08.19-01.48.02:527][  0]LogConfig: Setting CVar [[r.DOF.Kernel.MaxForegroundRadius:0.025]]
[2019.08.19-01.48.02:527][  0]LogConfig: Setting CVar [[r.DOF.Kernel.MaxBackgroundRadius:0.025]]
[2019.08.19-01.48.02:527][  0]LogConfig: Applying CVar settings from Section [TextureQuality@3] File [C:/Users/mattt/Documents/Unreal Projects/PuzzlePlatforms/Saved/Config/Windows/Scalability.ini]
[2019.08.19-01.48.02:527][  0]LogConfig: Setting CVar [[r.Streaming.MipBias:0]]
[2019.08.19-01.48.02:527][  0]LogConfig: Setting CVar [[r.Streaming.AmortizeCPUToGPUCopy:0]]
[2019.08.19-01.48.02:527][  0]LogConfig: Setting CVar [[r.Streaming.MaxNumTexturesToStreamPerFrame:0]]
[2019.08.19-01.48.02:527][  0]LogConfig: Setting CVar [[r.Streaming.Boost:1]]
[2019.08.19-01.48.02:527][  0]LogConfig: Setting CVar [[r.MaxAnisotropy:8]]
[2019.08.19-01.48.02:527][  0]LogConfig: Setting CVar [[r.Streaming.LimitPoolSizeToVRAM:0]]
[2019.08.19-01.48.02:527][  0]LogConfig: Setting CVar [[r.Streaming.PoolSize:1000]]
[2019.08.19-01.48.02:527][  0]LogConfig: Setting CVar [[r.Streaming.MaxEffectiveScreenSize:0]]
[2019.08.19-01.48.02:527][  0]LogConfig: Applying CVar settings from Section [EffectsQuality@3] File [C:/Users/mattt/Documents/Unreal Projects/PuzzlePlatforms/Saved/Config/Windows/Scalability.ini]
[2019.08.19-01.48.02:527][  0]LogConfig: Setting CVar [[r.TranslucencyLightingVolumeDim:64]]
[2019.08.19-01.48.02:527][  0]LogConfig: Setting CVar [[r.RefractionQuality:2]]
[2019.08.19-01.48.02:527][  0]LogConfig: Setting CVar [[r.SSR.Quality:3]]
[2019.08.19-01.48.02:527][  0]LogConfig: Setting CVar [[r.SceneColorFormat:4]]
[2019.08.19-01.48.02:527][  0]LogConfig: Setting CVar [[r.DetailMode:2]]
[2019.08.19-01.48.02:527][  0]LogConfig: Setting CVar [[r.TranslucencyVolumeBlur:1]]
[2019.08.19-01.48.02:527][  0]LogConfig: Setting CVar [[r.MaterialQualityLevel:1 ; High quality]]
[2019.08.19-01.48.02:527][  0]LogConfig: Setting CVar [[r.SSS.Scale:1]]
[2019.08.19-01.48.02:527][  0]LogConfig: Setting CVar [[r.SSS.SampleSet:2]]
[2019.08.19-01.48.02:527][  0]LogConfig: Setting CVar [[r.SSS.Quality:1]]
[2019.08.19-01.48.02:527][  0]LogConfig: Setting CVar [[r.SSS.HalfRes:1]]
[2019.08.19-01.48.02:527][  0]LogConfig: Setting CVar [[r.EmitterSpawnRateScale:1.0]]
[2019.08.19-01.48.02:527][  0]LogConfig: Setting CVar [[r.ParticleLightQuality:2]]
[2019.08.19-01.48.02:527][  0]LogConfig: Applying CVar settings from Section [FoliageQuality@3] File [C:/Users/mattt/Documents/Unreal Projects/PuzzlePlatforms/Saved/Config/Windows/Scalability.ini]
[2019.08.19-01.48.02:527][  0]LogConfig: Setting CVar [[foliage.DensityScale:1.0]]
[2019.08.19-01.48.02:527][  0]LogConfig: Setting CVar [[grass.DensityScale:1.0]]
[2019.08.19-01.48.02:527][  0]LogConfig: Applying CVar settings from Section [Startup] File [../../../Engine/Config/ConsoleVariables.ini]
[2019.08.19-01.48.02:527][  0]LogConfig: Setting CVar [[net.UseAdaptiveNetUpdateFrequency:0]]
[2019.08.19-01.48.02:527][  0]LogConfig: Setting CVar [[p.chaos.AllowCreatePhysxBodies:1]]
[2019.08.19-01.48.02:527][  0]LogConfig: Applying CVar settings from Section [ConsoleVariables] File [C:/Users/mattt/Documents/Unreal Projects/PuzzlePlatforms/Saved/Config/Windows/Engine.ini]
[2019.08.19-01.48.02:528][  0]LogInit: Computer: DESKTOP-D8AKS8E
[2019.08.19-01.48.02:528][  0]LogInit: User: mattt
[2019.08.19-01.48.02:528][  0]LogInit: CPU Page size=4096, Cores=6
[2019.08.19-01.48.02:528][  0]LogInit: High frequency timer resolution =10.000000 MHz
[2019.08.19-01.48.02:528][  0]LogMemory: Memory total: Physical=8.0GB (8GB approx)
[2019.08.19-01.48.02:528][  0]LogMemory: Platform Memory Stats for Windows
[2019.08.19-01.48.02:528][  0]LogMemory: Process Physical Memory: 98.44 MB used, 98.45 MB peak
[2019.08.19-01.48.02:528][  0]LogMemory: Process Virtual Memory: 90.04 MB used, 90.04 MB peak
[2019.08.19-01.48.02:528][  0]LogMemory: Physical Memory: 5881.32 MB used,  2261.74 MB free, 8143.06 MB total
[2019.08.19-01.48.02:528][  0]LogMemory: Virtual Memory: 4660.61 MB used,  134213064.00 MB free, 134217728.00 MB total
[2019.08.19-01.48.02:549][  0]LogInit: Using OS detected language (en-US).
[2019.08.19-01.48.02:549][  0]LogInit: Using OS detected locale (en-US).
[2019.08.19-01.48.02:550][  0]LogTextLocalizationManager: No specific localization for 'en-US' exists, so the 'en' localization will be used.
[2019.08.19-01.48.02:714][  0]LogInit: Setting process to per monitor DPI aware
[2019.08.19-01.48.02:760][  0]LogSlate: New Slate User Created.  User Index 0, Is Virtual User: 0
[2019.08.19-01.48.02:760][  0]LogSlate: Slate User Registered.  User Index 0, Is Virtual User: 0
[2019.08.19-01.48.02:959][  0]LogHMD: Failed to initialize OpenVR with code 110
[2019.08.19-01.48.02:959][  0]LogD3D11RHI: D3D11 adapters:
[2019.08.19-01.48.03:025][  0]LogD3D11RHI:    0. 'NVIDIA GeForce GTX 1050 Ti' (Feature Level 11_0)
[2019.08.19-01.48.03:025][  0]LogD3D11RHI:       4018/0/4071 MB DedicatedVideo/DedicatedSystem/SharedSystem, Outputs:1, VendorId:0x10de
[2019.08.19-01.48.03:027][  0]LogD3D11RHI:    1. 'Microsoft Basic Render Driver' (Feature Level 11_0)
[2019.08.19-01.48.03:027][  0]LogD3D11RHI:       0/0/4071 MB DedicatedVideo/DedicatedSystem/SharedSystem, Outputs:0, VendorId:0x1414
[2019.08.19-01.48.03:028][  0]LogD3D11RHI: Chosen D3D11 Adapter: 0
[2019.08.19-01.48.03:037][  0]LogD3D11RHI: Creating new Direct3DDevice
[2019.08.19-01.48.03:037][  0]LogD3D11RHI:     GPU DeviceId: 0x1c82 (for the marketing name, search the web for "GPU Device Id")
[2019.08.19-01.48.03:037][  0]LogWindows: EnumDisplayDevices:
[2019.08.19-01.48.03:038][  0]LogWindows:    0. 'NVIDIA GeForce GTX 1050 Ti' (P:1 D:1)
[2019.08.19-01.48.03:038][  0]LogWindows:    1. 'NVIDIA GeForce GTX 1050 Ti' (P:0 D:0)
[2019.08.19-01.48.03:038][  0]LogWindows:    2. 'NVIDIA GeForce GTX 1050 Ti' (P:0 D:0)
[2019.08.19-01.48.03:038][  0]LogWindows:    3. 'NVIDIA GeForce GTX 1050 Ti' (P:0 D:0)
[2019.08.19-01.48.03:038][  0]LogWindows: DebugString: FoundDriverCount:4 
[2019.08.19-01.48.03:038][  0]LogD3D11RHI:     Adapter Name: NVIDIA GeForce GTX 1050 Ti
[2019.08.19-01.48.03:039][  0]LogD3D11RHI:   Driver Version: 431.36 (internal:26.21.14.3136, unified:431.36)
[2019.08.19-01.48.03:039][  0]LogD3D11RHI:      Driver Date: 7-3-2019
[2019.08.19-01.48.03:039][  0]LogRHI: Texture pool is 2812 MB (70% of 4018 MB)
[2019.08.19-01.48.03:090][  0]LogD3D11RHI: Async texture creation enabled
[2019.08.19-01.48.03:099][  0]LogRendererCore: FGlobalReadBuffer::InitRHI
[2019.08.19-01.48.03:100][  0]LogRendererCore: FGlobalReadBuffer::InitRHI
[2019.08.19-01.48.03:100][  0]LogRendererCore: FGlobalReadBuffer::InitRHI
[2019.08.19-01.48.03:108][  0]LogD3D11RHI: GPU Timing Frequency: 1000.000000 (Debug: 2 1)
[2019.08.19-01.48.03:158][  0]LogD3D11RHI: HDR output is supported on display 0 (NvId: 0x80061082).
[2019.08.19-01.48.03:438][  0]LogTemp: Display: Module 'AllDesktopTargetPlatform' loaded TargetPlatform 'AllDesktop'
[2019.08.19-01.48.03:455][  0]LogTemp: Display: Module 'MacClientTargetPlatform' loaded TargetPlatform 'MacClient'
[2019.08.19-01.48.03:473][  0]LogTemp: Display: Module 'MacNoEditorTargetPlatform' loaded TargetPlatform 'MacNoEditor'
[2019.08.19-01.48.03:490][  0]LogTemp: Display: Module 'MacServerTargetPlatform' loaded TargetPlatform 'MacServer'
[2019.08.19-01.48.03:507][  0]LogTemp: Display: Module 'MacTargetPlatform' loaded TargetPlatform 'Mac'
[2019.08.19-01.48.03:524][  0]LogTemp: Display: Module 'WindowsClientTargetPlatform' loaded TargetPlatform 'WindowsClient'
[2019.08.19-01.48.03:541][  0]LogTemp: Display: Module 'WindowsNoEditorTargetPlatform' loaded TargetPlatform 'WindowsNoEditor'
[2019.08.19-01.48.03:558][  0]LogTemp: Display: Module 'WindowsServerTargetPlatform' loaded TargetPlatform 'WindowsServer'
[2019.08.19-01.48.03:567][  0]LogTemp: Display: Module 'WindowsTargetPlatform' loaded TargetPlatform 'Windows'
[2019.08.19-01.48.03:669][  0]LogTemp: Display: Module 'AndroidTargetPlatform' loaded TargetPlatform 'Android'
[2019.08.19-01.48.03:669][  0]LogTemp: Display: Module 'AndroidTargetPlatform' loaded TargetPlatform 'Android_ASTC'
[2019.08.19-01.48.03:669][  0]LogTemp: Display: Module 'AndroidTargetPlatform' loaded TargetPlatform 'Android_ATC'
[2019.08.19-01.48.03:669][  0]LogTemp: Display: Module 'AndroidTargetPlatform' loaded TargetPlatform 'Android_DXT'
[2019.08.19-01.48.03:669][  0]LogTemp: Display: Module 'AndroidTargetPlatform' loaded TargetPlatform 'Android_ETC1'
[2019.08.19-01.48.03:669][  0]LogTemp: Display: Module 'AndroidTargetPlatform' loaded TargetPlatform 'Android_ETC1a'
[2019.08.19-01.48.03:669][  0]LogTemp: Display: Module 'AndroidTargetPlatform' loaded TargetPlatform 'Android_ETC2'
[2019.08.19-01.48.03:669][  0]LogTemp: Display: Module 'AndroidTargetPlatform' loaded TargetPlatform 'Android_PVRTC'
[2019.08.19-01.48.03:669][  0]LogTemp: Display: Module 'AndroidTargetPlatform' loaded TargetPlatform 'AndroidClient'
[2019.08.19-01.48.03:669][  0]LogTemp: Display: Module 'AndroidTargetPlatform' loaded TargetPlatform 'Android_ASTCClient'
[2019.08.19-01.48.03:669][  0]LogTemp: Display: Module 'AndroidTargetPlatform' loaded TargetPlatform 'Android_ATCClient'
[2019.08.19-01.48.03:669][  0]LogTemp: Display: Module 'AndroidTargetPlatform' loaded TargetPlatform 'Android_DXTClient'
[2019.08.19-01.48.03:669][  0]LogTemp: Display: Module 'AndroidTargetPlatform' loaded TargetPlatform 'Android_ETC1Client'
[2019.08.19-01.48.03:669][  0]LogTemp: Display: Module 'AndroidTargetPlatform' loaded TargetPlatform 'Android_ETC1aClient'
[2019.08.19-01.48.03:669][  0]LogTemp: Display: Module 'AndroidTargetPlatform' loaded TargetPlatform 'Android_ETC2Client'
[2019.08.19-01.48.03:669][  0]LogTemp: Display: Module 'AndroidTargetPlatform' loaded TargetPlatform 'Android_PVRTCClient'
[2019.08.19-01.48.03:669][  0]LogTemp: Display: Module 'AndroidTargetPlatform' loaded TargetPlatform 'Android_Multi'
[2019.08.19-01.48.03:669][  0]LogTemp: Display: Module 'AndroidTargetPlatform' loaded TargetPlatform 'Android_MultiClient'
[2019.08.19-01.48.03:671][  0]LogTemp: Display: Module 'HTML5TargetPlatform' loaded TargetPlatform 'HTML5'
[2019.08.19-01.48.03:726][  0]LogTemp: Display: Module 'IOSTargetPlatform' loaded TargetPlatform 'IOSClient'
[2019.08.19-01.48.03:726][  0]LogTemp: Display: Module 'IOSTargetPlatform' loaded TargetPlatform 'IOS'
[2019.08.19-01.48.03:758][  0]LogTemp: Display: Module 'TVOSTargetPlatform' loaded TargetPlatform 'TVOSClient'
[2019.08.19-01.48.03:758][  0]LogTemp: Display: Module 'TVOSTargetPlatform' loaded TargetPlatform 'TVOS'
[2019.08.19-01.48.03:775][  0]LogTemp: Display: Module 'LinuxClientTargetPlatform' loaded TargetPlatform 'LinuxClient'
[2019.08.19-01.48.03:790][  0]LogTemp: Display: Module 'LinuxNoEditorTargetPlatform' loaded TargetPlatform 'LinuxNoEditor'
[2019.08.19-01.48.03:805][  0]LogTemp: Display: Module 'LinuxServerTargetPlatform' loaded TargetPlatform 'LinuxServer'
[2019.08.19-01.48.03:821][  0]LogTemp: Display: Module 'LinuxTargetPlatform' loaded TargetPlatform 'Linux'
[2019.08.19-01.48.03:878][  0]LogTemp: Display: Module 'LuminTargetPlatform' loaded TargetPlatform 'Lumin'
[2019.08.19-01.48.03:878][  0]LogTemp: Display: Module 'LuminTargetPlatform' loaded TargetPlatform 'LuminClient'
[2019.08.19-01.48.03:878][  0]LogTargetPlatformManager: Display: Building Assets For Windows
[2019.08.19-01.48.03:888][  0]LogAudioDebug: Display: Lib vorbis DLL was dynamically loaded.
[2019.08.19-01.48.03:944][  0]LogShaderCompilers: Guid format shader working directory is -25 characters bigger than the processId version (../../../../../../Users/mattt/Documents/Unreal Projects/PuzzlePlatforms/Intermediate/Shaders/WorkingDirectory/9256/).
[2019.08.19-01.48.03:944][  0]LogShaderCompilers: Cleaned the shader compiler working directory 'C:/Users/mattt/AppData/Local/Temp/UnrealShaderWorkingDir/14B21BEA4A831286F6751D97A37DACFE/'.
[2019.08.19-01.48.03:947][  0]LogXGEController: Cannot use XGE Controller as Incredibuild is not installed on this machine.
[2019.08.19-01.48.03:947][  0]LogShaderCompilers: Cannot use XGE Shader Compiler as Incredibuild is not installed on this machine.
[2019.08.19-01.48.03:947][  0]LogShaderCompilers: Display: Using Local Shader Compiler.
[2019.08.19-01.48.04:511][  0]LogDerivedDataCache: Display: Max Cache Size: 512 MB
[2019.08.19-01.48.04:564][  0]LogDerivedDataCache: Loaded boot cache 0.05s 75MB C:/Users/mattt/AppData/Local/UnrealEngine/4.22/DerivedDataCache/Boot.ddc.
[2019.08.19-01.48.04:564][  0]LogDerivedDataCache: Display: Loaded Boot cache: C:/Users/mattt/AppData/Local/UnrealEngine/4.22/DerivedDataCache/Boot.ddc
[2019.08.19-01.48.04:564][  0]LogDerivedDataCache: FDerivedDataBackendGraph:  Pak pak cache file ../../../../../../Users/mattt/Documents/Unreal Projects/PuzzlePlatforms/DerivedDataCache/DDC.ddp not found, will not use a pak cache.
[2019.08.19-01.48.04:564][  0]LogDerivedDataCache: Unable to find inner node Pak for hierarchical cache Hierarchy.
[2019.08.19-01.48.04:564][  0]LogDerivedDataCache: FDerivedDataBackendGraph:  CompressedPak pak cache file ../../../../../../Users/mattt/Documents/Unreal Projects/PuzzlePlatforms/DerivedDataCache/Compressed.ddp not found, will not use a pak cache.
[2019.08.19-01.48.04:564][  0]LogDerivedDataCache: Unable to find inner node CompressedPak for hierarchical cache Hierarchy.
[2019.08.19-01.48.04:578][  0]LogDerivedDataCache: Display: Pak cache opened for reading ../../../Engine/DerivedDataCache/Compressed.ddp.
[2019.08.19-01.48.04:578][  0]LogDerivedDataCache: FDerivedDataBackendGraph:  EnterprisePak pak cache file ../../../Enterprise/DerivedDataCache/Compressed.ddp not found, will not use a pak cache.
[2019.08.19-01.48.04:578][  0]LogDerivedDataCache: Unable to find inner node EnterprisePak for hierarchical cache Hierarchy.
[2019.08.19-01.48.04:591][  0]LogDerivedDataCache: Using Local data cache path C:/Users/mattt/AppData/Local/UnrealEngine/Common/DerivedDataCache: Writable
[2019.08.19-01.48.04:591][  0]LogDerivedDataCache: Shared data cache path not found in *engine.ini, will not use an Shared cache.
[2019.08.19-01.48.04:591][  0]LogDerivedDataCache: Unable to find inner node Shared for hierarchical cache Hierarchy.
[2019.08.19-01.48.04:616][  0]LogMaterial: Verifying Global Shaders for PCD3D_SM5
[2019.08.19-01.48.04:618][  0]LogSlate: Using FreeType 2.6.0
[2019.08.19-01.48.04:618][  0]LogSlate: SlateFontServices - WITH_FREETYPE: 1, WITH_HARFBUZZ: 1
[2019.08.19-01.48.04:710][  0]LogAssetRegistry: FAssetRegistry took 0.0364 seconds to start up
[2019.08.19-01.48.05:103][  0]LogInit: Selected Device Profile: [Windows]
[2019.08.19-01.48.05:251][  0]LogMeshReduction: Using QuadricMeshReduction for automatic static mesh reduction
[2019.08.19-01.48.05:251][  0]LogMeshReduction: Using SimplygonMeshReduction for automatic skeletal mesh reduction
[2019.08.19-01.48.05:251][  0]LogMeshReduction: Using ProxyLODMeshReduction for automatic mesh merging
[2019.08.19-01.48.05:251][  0]LogMeshReduction: No distributed automatic mesh merging module available
[2019.08.19-01.48.05:251][  0]LogMeshMerging: No distributed automatic mesh merging module available
[2019.08.19-01.48.05:265][  0]LogNetVersion: PuzzlePlatforms 1.0.0, NetCL: 5660361, EngineNetVer: 10, GameNetVer: 0 (Checksum: 2640277625)
[2019.08.19-01.48.05:764][  0]LogPackageLocalizationCache: Processed 10 localized package path(s) for 1 prioritized culture(s) in 0.054583 seconds
[2019.08.19-01.48.05:772][  0]LogUObjectArray: 42205 objects as part of root set at end of initial load.
[2019.08.19-01.48.05:772][  0]LogUObjectAllocator: 7325032 out of 0 bytes used by permanent object pool.
[2019.08.19-01.48.05:772][  0]LogUObjectArray: CloseDisregardForGC: 0/0 objects in disregard for GC pool
[2019.08.19-01.48.06:659][  0]LogTcpMessaging: Initializing TcpMessaging bridge
[2019.08.19-01.48.06:672][  0]LogUdpMessaging: Initializing bridge on interface 0.0.0.0:0 to multicast group 230.0.0.1:6666.
[2019.08.19-01.48.06:935][  0]SourceControl: Source control is disabled
[2019.08.19-01.48.06:935][  0]SourceControl: Source control is disabled
[2019.08.19-01.48.06:936][  0]SourceControl: Source control is disabled
[2019.08.19-01.48.06:937][  0]SourceControl: Source control is disabled
[2019.08.19-01.48.07:022][  0]LogAndroidPermission: UAndroidPermissionCallbackProxy::GetInstance
[2019.08.19-01.48.07:102][  0]LogOcInput: OculusInput pre-init called
[2019.08.19-01.48.07:817][  0]LogEngine: Initializing Engine...
[2019.08.19-01.48.07:818][  0]LogHMD: Failed to initialize OpenVR with code 110
[2019.08.19-01.48.07:819][  0]LogStats: UGameplayTagsManager::InitializeManager -  0.000 s
[2019.08.19-01.48.08:046][  0]LogInit: Initializing FReadOnlyCVARCache
[2019.08.19-01.48.08:061][  0]LogAIModule: Creating AISystem for world Untitled
[2019.08.19-01.48.08:150][  0]LogInit: XAudio2 using 'AG273QS4R4 (NVIDIA High Definition Audio)' : 2 channels at 48 kHz using 16 bits per sample (channel mask 0x3)
[2019.08.19-01.48.08:175][  0]LogInit: FAudioDevice initialized.
[2019.08.19-01.48.08:175][  0]LogNetVersion: Set ProjectVersion to 1.0.0.0. Version Checksum will be recalculated on next use.
[2019.08.19-01.48.08:236][  0]LogDerivedDataCache: Saved boot cache 0.06s 75MB C:/Users/mattt/AppData/Local/UnrealEngine/4.22/DerivedDataCache/Boot.ddc.
[2019.08.19-01.48.08:247][  0]LogInit: Texture streaming: Enabled
[2019.08.19-01.48.08:268][  0]LogEngineSessionManager: EngineSessionManager initialized
[2019.08.19-01.48.08:291][  0]LogInit: Transaction tracking system initialized
[2019.08.19-01.48.08:319][  0]BlueprintLog: New page: Editor Load
[2019.08.19-01.48.08:410][  0]LocalizationService: Localization service is disabled
[2019.08.19-01.48.08:733][  0]LogFileCache: Scanning file cache for directory 'C:/Users/mattt/Documents/Unreal Projects/PuzzlePlatforms/Content/' took 0.01s
[2019.08.19-01.48.08:733][  0]LogCook: Display: Max memory allowance for cook 16384mb min free memory 0mb
[2019.08.19-01.48.08:733][  0]LogCook: Display: Mobile HDR setting 1
[2019.08.19-01.48.08:927][  0]SourceControl: Source control is disabled
[2019.08.19-01.48.08:927][  0]Cmd: MAP LOAD FILE="../../../../../../Users/mattt/Documents/Unreal Projects/PuzzlePlatforms/Content/ThirdPersonCPP/Maps/ThirdPersonExampleMap.umap" TEMPLATE=0 SHOWPROGRESS=1 FEATURELEVEL=3
[2019.08.19-01.48.08:927][  0]LightingResults: New page: Lighting Build
[2019.08.19-01.48.08:931][  0]MapCheck: New page: Map Check
[2019.08.19-01.48.08:931][  0]LightingResults: New page: Lighting Build
[2019.08.19-01.48.08:968][  0]LogUObjectHash: Compacting FUObjectHashTables data took   2.22ms
[2019.08.19-01.48.09:076][  0]LogAIModule: Creating AISystem for world ThirdPersonExampleMap
[2019.08.19-01.48.09:120][  0]LogEditorServer: Finished looking for orphan Actors (0.000 secs)
[2019.08.19-01.48.09:159][  0]LogUObjectHash: Compacting FUObjectHashTables data took   2.11ms
[2019.08.19-01.48.09:159][  0]Cmd: MAP CHECKDEP NOCLEARLOG
[2019.08.19-01.48.09:159][  0]MapCheck: Map check complete: 0 Error(s), 0 Warning(s), took 0.191ms to complete.
[2019.08.19-01.48.09:159][  0]LogFileHelpers: Loading map 'ThirdPersonExampleMap' took 0.232
[2019.08.19-01.48.09:270][  0]LogSlate: Updating window title bar state: overlay mode, drag disabled, window buttons hidden, title bar hidden
[2019.08.19-01.48.09:278][  0]LogSlate: Updating window title bar state: overlay mode, drag disabled, window buttons hidden, title bar hidden
[2019.08.19-01.48.09:286][  0]LogSlate: Updating window title bar state: overlay mode, drag disabled, window buttons hidden, title bar hidden
[2019.08.19-01.48.09:293][  0]LogSlate: Updating window title bar state: overlay mode, drag disabled, window buttons hidden, title bar hidden
[2019.08.19-01.48.09:301][  0]LogCollectionManager: Loaded 0 collections in 0.001765 seconds
[2019.08.19-01.48.09:330][  0]LogFileCache: Scanning file cache for directory 'C:/Users/mattt/Documents/Unreal Projects/PuzzlePlatforms/Saved/Collections/' took 0.01s
[2019.08.19-01.48.09:330][  0]LogFileCache: Scanning file cache for directory 'C:/Users/mattt/Documents/Unreal Projects/PuzzlePlatforms/Content/Developers/mattt/Collections/' took 0.01s
[2019.08.19-01.48.09:330][  0]LogFileCache: Scanning file cache for directory 'C:/Users/mattt/Documents/Unreal Projects/PuzzlePlatforms/Content/Collections/' took 0.00s
[2019.08.19-01.48.09:330][  0]LogCollectionManager: Rebuilt the GUID cache for 0 collections in 0.000000 seconds
[2019.08.19-01.48.09:341][  0]LogContentBrowser: Native class hierarchy populated in 0.0108 seconds. Added 2734 classes and 661 folders.
[2019.08.19-01.48.09:348][  0]LogContentBrowser: Native class hierarchy updated for 'WidgetCarousel' in 0.0004 seconds. Added 0 classes and 0 folders.
[2019.08.19-01.48.09:355][  0]LogPakFile: Registered encryption key '00000000000000000000000000000000': 0 pak files mounted, 0 remain pending
[2019.08.19-01.48.09:362][  0]LogPakFile: Registered encryption key '00000000000000000000000000000000': 0 pak files mounted, 0 remain pending
[2019.08.19-01.48.09:380][  0]LogPakFile: Registered encryption key '00000000000000000000000000000000': 0 pak files mounted, 0 remain pending
[2019.08.19-01.48.09:386][  0]LogPakFile: Registered encryption key '00000000000000000000000000000000': 0 pak files mounted, 0 remain pending
[2019.08.19-01.48.09:391][  0]LogPakFile: Registered encryption key '00000000000000000000000000000000': 0 pak files mounted, 0 remain pending
[2019.08.19-01.48.09:397][  0]LogPakFile: Registered encryption key '00000000000000000000000000000000': 0 pak files mounted, 0 remain pending
[2019.08.19-01.48.09:402][  0]LogPakFile: Registered encryption key '00000000000000000000000000000000': 0 pak files mounted, 0 remain pending
[2019.08.19-01.48.09:408][  0]LogPakFile: Registered encryption key '00000000000000000000000000000000': 0 pak files mounted, 0 remain pending
[2019.08.19-01.48.09:414][  0]LogPakFile: Registered encryption key '00000000000000000000000000000000': 0 pak files mounted, 0 remain pending
[2019.08.19-01.48.09:420][  0]LogPakFile: Registered encryption key '00000000000000000000000000000000': 0 pak files mounted, 0 remain pending
[2019.08.19-01.48.09:425][  0]LogPakFile: Registered encryption key '00000000000000000000000000000000': 0 pak files mounted, 0 remain pending
[2019.08.19-01.48.09:431][  0]LogPakFile: Registered encryption key '00000000000000000000000000000000': 0 pak files mounted, 0 remain pending
[2019.08.19-01.48.09:436][  0]LogPakFile: Registered encryption key '00000000000000000000000000000000': 0 pak files mounted, 0 remain pending
[2019.08.19-01.48.09:441][  0]LogPakFile: Registered encryption key '00000000000000000000000000000000': 0 pak files mounted, 0 remain pending
[2019.08.19-01.48.09:447][  0]LogPakFile: Registered encryption key '00000000000000000000000000000000': 0 pak files mounted, 0 remain pending
[2019.08.19-01.48.09:452][  0]LogPakFile: Registered encryption key '00000000000000000000000000000000': 0 pak files mounted, 0 remain pending
[2019.08.19-01.48.09:485][  0]LogPakFile: Registered encryption key '00000000000000000000000000000000': 0 pak files mounted, 0 remain pending
[2019.08.19-01.48.09:490][  0]LogPakFile: Registered encryption key '00000000000000000000000000000000': 0 pak files mounted, 0 remain pending
[2019.08.19-01.48.09:496][  0]LogPakFile: Registered encryption key '00000000000000000000000000000000': 0 pak files mounted, 0 remain pending
[2019.08.19-01.48.09:501][  0]LogPakFile: Registered encryption key '00000000000000000000000000000000': 0 pak files mounted, 0 remain pending
[2019.08.19-01.48.09:507][  0]LogPakFile: Registered encryption key '00000000000000000000000000000000': 0 pak files mounted, 0 remain pending
[2019.08.19-01.48.09:513][  0]LogPakFile: Registered encryption key '00000000000000000000000000000000': 0 pak files mounted, 0 remain pending
[2019.08.19-01.48.09:519][  0]LogPakFile: Registered encryption key '00000000000000000000000000000000': 0 pak files mounted, 0 remain pending
[2019.08.19-01.48.09:524][  0]LogPakFile: Registered encryption key '00000000000000000000000000000000': 0 pak files mounted, 0 remain pending
[2019.08.19-01.48.09:530][  0]LogPakFile: Registered encryption key '00000000000000000000000000000000': 0 pak files mounted, 0 remain pending
[2019.08.19-01.48.09:535][  0]LogPakFile: Registered encryption key '00000000000000000000000000000000': 0 pak files mounted, 0 remain pending
[2019.08.19-01.48.09:679][  0]LogContentBrowser: Native class hierarchy updated for 'AddContentDialog' in 0.0004 seconds. Added 0 classes and 0 folders.
[2019.08.19-01.48.09:685][  0]LogContentBrowser: Native class hierarchy updated for 'SceneOutliner' in 0.0004 seconds. Added 1 classes and 2 folders.
[2019.08.19-01.48.09:701][  0]LogSlate: Took 0.000202 seconds to synchronously load lazily loaded font '../../../Engine/Content/Slate/Fonts/Roboto-Regular.ttf' (155K)
[2019.08.19-01.48.09:703][  0]LogSlate: Took 0.000159 seconds to synchronously load lazily loaded font '../../../Engine/Content/Slate/Fonts/Roboto-Bold.ttf' (160K)
[2019.08.19-01.48.09:716][  0]LogSlate: Took 0.007612 seconds to synchronously load lazily loaded font '../../../Engine/Content/Editor/Slate/Fonts/FontAwesome.ttf' (139K)
[2019.08.19-01.48.09:801][  0]LogRenderer: Reallocating scene render targets to support 1616x808 Format 10 NumSamples 1 (Frame:1).
[2019.08.19-01.48.10:020][  0]LogContentBrowser: Native class hierarchy updated for 'HierarchicalLODOutliner' in 0.0004 seconds. Added 0 classes and 0 folders.
[2019.08.19-01.48.10:020][  0]LogLoad: (Engine Initialization) Total time: 9.59 seconds
[2019.08.19-01.48.10:020][  0]LogLoad: (Engine Initialization) Total Blueprint compile time: 0.00 seconds
[2019.08.19-01.48.10:059][  0]LogAssetRegistry: Asset discovery search completed in 5.3716 seconds
[2019.08.19-01.48.10:062][  0]LogCollectionManager: Rebuilt the object cache for 0 collections in 0.000000 seconds (found 0 objects)
[2019.08.19-01.48.10:062][  0]LogCollectionManager: Fixed up redirectors for 0 collections in 0.000041 seconds (updated 0 objects)
[2019.08.19-01.48.10:063][  0]LogContentStreaming: Texture pool size now 1000 MB
[2019.08.19-01.48.50:011][778]LogSlate: FSceneViewport::OnFocusLost() reason 2
[2019.08.19-01.48.52:913][ 83]LogSlate: FSceneViewport::OnFocusLost() reason 2
[2019.08.19-01.48.54:718][283]LogTemp: Repeating last play command: Selected Viewport
[2019.08.19-01.48.54:723][283]LogBlueprintUserMessages: Early PlayInEditor Detection: Level '/Game/ThirdPersonCPP/Maps/ThirdPersonExampleMap.ThirdPersonExampleMap:PersistentLevel' has LevelScriptBlueprint '/Game/ThirdPersonCPP/Maps/ThirdPersonExampleMap.ThirdPersonExampleMap:PersistentLevel.ThirdPersonExampleMap' with GeneratedClass '/Game/ThirdPersonCPP/Maps/ThirdPersonExampleMap.ThirdPersonExampleMap_C' with ClassGeneratedBy '/Game/ThirdPersonCPP/Maps/ThirdPersonExampleMap.ThirdPersonExampleMap:PersistentLevel.ThirdPersonExampleMap'
[2019.08.19-01.48.54:723][283]LogPlayLevel: PlayLevel: No blueprints needed recompiling
[2019.08.19-01.48.54:724][283]PIE: New page: PIE session: ThirdPersonExampleMap (Aug 19, 2019, 5:48:54 AM)
[2019.08.19-01.48.54:736][283]LogPlayLevel: Creating play world package: /Game/ThirdPersonCPP/Maps/UEDPIE_1_ThirdPersonExampleMap
[2019.08.19-01.48.54:749][283]LogPlayLevel: PIE: StaticDuplicateObject took: (0.013133s)
[2019.08.19-01.48.54:750][283]LogAIModule: Creating AISystem for world ThirdPersonExampleMap
[2019.08.19-01.48.54:750][283]LogPlayLevel: PIE: World Init took: (0.000748s)
[2019.08.19-01.48.54:750][283]LogPlayLevel: PIE: Created PIE world by copying editor world from /Game/ThirdPersonCPP/Maps/ThirdPersonExampleMap.ThirdPersonExampleMap to /Game/ThirdPersonCPP/Maps/UEDPIE_1_ThirdPersonExampleMap.ThirdPersonExampleMap (0.014222s)
[2019.08.19-01.48.54:785][283]LogUObjectHash: Compacting FUObjectHashTables data took   1.20ms
[2019.08.19-01.48.54:797][283]LogLoad: Game class is 'PuzzlePlatformsGameMode'
[2019.08.19-01.48.54:799][283]LogWorld: Bringing World /Game/ThirdPersonCPP/Maps/UEDPIE_1_ThirdPersonExampleMap.ThirdPersonExampleMap up for play (max tick rate 0) at 2019.08.19-03.48.54
[2019.08.19-01.48.54:799][283]LogWorld: Bringing up level for play took: 0.001707
[2019.08.19-01.48.54:800][283]LogTemp: Display: ParseSettings for GameNetDriver
[2019.08.19-01.48.54:800][283]LogTemp: Display: ParseSettings for IpNetDriver_0
[2019.08.19-01.48.54:800][283]LogTemp: Display: ParseSettings for GameNetDriver
[2019.08.19-01.48.54:800][283]LogNet: ReplicationDriverClass is null! Not using ReplicationDriver.
[2019.08.19-01.48.54:800][283]PacketHandlerLog: DDoS detection status: detection enabled: 0 analytics enabled: 0
[2019.08.19-01.48.54:800][283]LogInit: WinSock: Socket queue 131072 / 131072
[2019.08.19-01.48.54:802][283]LogInit: WinSock: I am DESKTOP-D8AKS8E (192.168.1.102:0)
[2019.08.19-01.48.54:802][283]PacketHandlerLog: Loaded PacketHandler component: Engine.EngineHandlerComponentFactory (StatelessConnectHandlerComponent)
[2019.08.19-01.48.54:802][283]LogNet: GameNetDriver IpNetDriver_0 IpNetDriver listening on port 17777
[2019.08.19-01.48.54:802][283]PIE: Play in editor start time for /Game/ThirdPersonCPP/Maps/UEDPIE_1_ThirdPersonExampleMap -0.661
[2019.08.19-01.48.54:815][283]LogInit: XAudio2 using 'AG273QS4R4 (NVIDIA High Definition Audio)' : 2 channels at 48 kHz using 16 bits per sample (channel mask 0x3)
[2019.08.19-01.48.54:825][283]LogInit: FAudioDevice initialized.
[2019.08.19-01.48.54:857][283]LogNet: Browse: 127.0.0.1:17777//Game/ThirdPersonCPP/Maps/ThirdPersonExampleMap
[2019.08.19-01.48.54:857][283]LogTemp: Display: ParseSettings for GameNetDriver
[2019.08.19-01.48.54:857][283]LogTemp: Display: ParseSettings for IpNetDriver_1
[2019.08.19-01.48.54:857][283]LogTemp: Display: ParseSettings for PendingNetDriver
[2019.08.19-01.48.54:857][283]LogInit: WinSock: Socket queue 32768 / 32768
[2019.08.19-01.48.54:858][283]PacketHandlerLog: Loaded PacketHandler component: Engine.EngineHandlerComponentFactory (StatelessConnectHandlerComponent)
[2019.08.19-01.48.54:858][283]LogNet: Game client on port 17777, rate 10000
[2019.08.19-01.48.54:858][283]PIE: Play in editor start time for /Game/ThirdPersonCPP/Maps/ThirdPersonExampleMap -0.605
[2019.08.19-01.48.54:861][283]LogSlate: FSceneViewport::OnFocusLost() reason 2
[2019.08.19-01.48.54:868][283]LogSlate: Updating window title bar state: overlay mode, drag disabled, window buttons hidden, title bar hidden
[2019.08.19-01.48.54:951][283]LogNet: Browse: 127.0.0.1:17777//Game/ThirdPersonCPP/Maps/ThirdPersonExampleMap
[2019.08.19-01.48.54:951][283]LogTemp: Display: ParseSettings for GameNetDriver
[2019.08.19-01.48.54:952][283]LogTemp: Display: ParseSettings for IpNetDriver_2
[2019.08.19-01.48.54:952][283]LogTemp: Display: ParseSettings for PendingNetDriver
[2019.08.19-01.48.54:952][283]LogInit: WinSock: Socket queue 32768 / 32768
[2019.08.19-01.48.54:953][283]PacketHandlerLog: Loaded PacketHandler component: Engine.EngineHandlerComponentFactory (StatelessConnectHandlerComponent)
[2019.08.19-01.48.54:953][283]LogNet: Game client on port 17777, rate 10000
[2019.08.19-01.48.54:954][283]PIE: Play in editor start time for /Game/ThirdPersonCPP/Maps/ThirdPersonExampleMap -0.509
[2019.08.19-01.48.54:957][283]LogBlueprintUserMessages: Late PlayInEditor Detection: Level '/Game/ThirdPersonCPP/Maps/ThirdPersonExampleMap.ThirdPersonExampleMap:PersistentLevel' has LevelScriptBlueprint '/Game/ThirdPersonCPP/Maps/ThirdPersonExampleMap.ThirdPersonExampleMap:PersistentLevel.ThirdPersonExampleMap' with GeneratedClass '/Game/ThirdPersonCPP/Maps/ThirdPersonExampleMap.ThirdPersonExampleMap_C' with ClassGeneratedBy '/Game/ThirdPersonCPP/Maps/ThirdPersonExampleMap.ThirdPersonExampleMap:PersistentLevel.ThirdPersonExampleMap'
[2019.08.19-01.48.54:957][283]LogNet: NotifyAcceptingConnection accepted from: 127.0.0.1:49277
[2019.08.19-01.48.54:957][283]LogHandshake: SendConnectChallenge. Timestamp: 0.008333, Cookie: 193184138244219026202255080025209092037142164141226225189185
[2019.08.19-01.48.54:957][283]LogNet: NotifyAcceptingConnection accepted from: 127.0.0.1:49278
[2019.08.19-01.48.54:957][283]LogHandshake: SendConnectChallenge. Timestamp: 0.008333, Cookie: 226079187100253033171132090224191066149031056201117069253213
[2019.08.19-01.48.54:976][283]LogHandshake: SendChallengeResponse. Timestamp: 0.008333, Cookie: 193184138244219026202255080025209092037142164141226225189185
[2019.08.19-01.48.54:976][283]LogHandshake: SendChallengeResponse. Timestamp: 0.008333, Cookie: 226079187100253033171132090224191066149031056201117069253213
[2019.08.19-01.48.54:986][284]LogNet: NotifyAcceptingConnection accepted from: 127.0.0.1:49277
[2019.08.19-01.48.54:986][284]LogHandshake: SendChallengeAck. InCookie: 193184138244219026202255080025209092037142164141226225189185
[2019.08.19-01.48.54:986][284]LogNet: Server accepting post-challenge connection from: 127.0.0.1:49277
[2019.08.19-01.48.54:986][284]PacketHandlerLog: Loaded PacketHandler component: Engine.EngineHandlerComponentFactory (StatelessConnectHandlerComponent)
[2019.08.19-01.48.54:986][284]LogNet: NotifyAcceptedConnection: Name: ThirdPersonExampleMap, TimeStamp: 08/19/19 03:48:54, [UNetConnection] RemoteAddr: 127.0.0.1:49277, Name: IpConnection_2, Driver: GameNetDriver IpNetDriver_0, IsServer: YES, PC: NULL, Owner: NULL, UniqueId: INVALID
[2019.08.19-01.48.54:986][284]LogNet: AddClientConnection: Added client connection: [UNetConnection] RemoteAddr: 127.0.0.1:49277, Name: IpConnection_2, Driver: GameNetDriver IpNetDriver_0, IsServer: YES, PC: NULL, Owner: NULL, UniqueId: INVALID
[2019.08.19-01.48.54:987][284]LogNet: NotifyAcceptingConnection accepted from: 127.0.0.1:49278
[2019.08.19-01.48.54:987][284]LogHandshake: SendChallengeAck. InCookie: 226079187100253033171132090224191066149031056201117069253213
[2019.08.19-01.48.54:987][284]LogNet: Server accepting post-challenge connection from: 127.0.0.1:49278
[2019.08.19-01.48.54:987][284]PacketHandlerLog: Loaded PacketHandler component: Engine.EngineHandlerComponentFactory (StatelessConnectHandlerComponent)
[2019.08.19-01.48.54:987][284]LogNet: NotifyAcceptedConnection: Name: ThirdPersonExampleMap, TimeStamp: 08/19/19 03:48:54, [UNetConnection] RemoteAddr: 127.0.0.1:49278, Name: IpConnection_3, Driver: GameNetDriver IpNetDriver_0, IsServer: YES, PC: NULL, Owner: NULL, UniqueId: INVALID
[2019.08.19-01.48.54:987][284]LogNet: AddClientConnection: Added client connection: [UNetConnection] RemoteAddr: 127.0.0.1:49278, Name: IpConnection_3, Driver: GameNetDriver IpNetDriver_0, IsServer: YES, PC: NULL, Owner: NULL, UniqueId: INVALID
[2019.08.19-01.48.54:988][284]LogNetVersion: PuzzlePlatforms 1.0.0.0, NetCL: 5660361, EngineNetVer: 10, GameNetVer: 0 (Checksum: 148959838)
[2019.08.19-01.48.54:988][284]LogNet: UPendingNetGame::SendInitialJoin: Sending hello. [UNetConnection] RemoteAddr: 127.0.0.1:17777, Name: IpConnection_0, Driver: PendingNetDriver IpNetDriver_1, IsServer: NO, PC: NULL, Owner: NULL, UniqueId: INVALID
[2019.08.19-01.48.54:988][284]LogNet: UPendingNetGame::SendInitialJoin: Sending hello. [UNetConnection] RemoteAddr: 127.0.0.1:17777, Name: IpConnection_1, Driver: PendingNetDriver IpNetDriver_2, IsServer: NO, PC: NULL, Owner: NULL, UniqueId: INVALID
[2019.08.19-01.48.55:008][285]LogNet: NotifyAcceptingChannel Control 0 server World /Game/ThirdPersonCPP/Maps/UEDPIE_1_ThirdPersonExampleMap.ThirdPersonExampleMap: Accepted
[2019.08.19-01.48.55:009][285]LogNet: Remote platform little endian=1
[2019.08.19-01.48.55:009][285]LogNet: This platform little endian=1
[2019.08.19-01.48.55:009][285]LogNet: NotifyAcceptingChannel Control 0 server World /Game/ThirdPersonCPP/Maps/UEDPIE_1_ThirdPersonExampleMap.ThirdPersonExampleMap: Accepted
[2019.08.19-01.48.55:009][285]LogNet: Remote platform little endian=1
[2019.08.19-01.48.55:009][285]LogNet: This platform little endian=1
[2019.08.19-01.48.55:037][286]LogNet: Login request: /Game/ThirdPersonCPP/Maps/ThirdPersonExampleMap?Name=DESKTOP-D8AKS8E-A5F25C3B4FCDD4E458D63A95E36B614A userId: NULL:DESKTOP-D8AKS8E-A5F25C3B4FCDD4E458D63A95E36B614A platform: NULL
[2019.08.19-01.48.55:037][286]LogNet: Login request: /Game/ThirdPersonCPP/Maps/ThirdPersonExampleMap?Name=DESKTOP-D8AKS8E-E382339740CAB5B099C28A95C08C9123 userId: NULL:DESKTOP-D8AKS8E-E382339740CAB5B099C28A95C08C9123 platform: NULL
[2019.08.19-01.48.55:038][286]LogNet: Welcomed by server (Level: /Game/ThirdPersonCPP/Maps/UEDPIE_1_ThirdPersonExampleMap, Game: /Script/PuzzlePlatforms.PuzzlePlatformsGameMode)
[2019.08.19-01.48.55:038][286]LogLoad: LoadMap: 127.0.0.1:17777//Game/ThirdPersonCPP/Maps/UEDPIE_1_ThirdPersonExampleMap?game=/Script/PuzzlePlatforms.PuzzlePlatformsGameMode
[2019.08.19-01.48.55:074][286]LogUObjectHash: Compacting FUObjectHashTables data took   2.28ms
[2019.08.19-01.48.55:086][286]LogAIModule: Creating AISystem for world ThirdPersonExampleMap
[2019.08.19-01.48.55:086][286]LogTemp: Display: ParseSettings for GameNetDriver
[2019.08.19-01.48.55:089][286]LogWorld: Bringing World /Game/ThirdPersonCPP/Maps/UEDPIE_2_ThirdPersonExampleMap.ThirdPersonExampleMap up for play (max tick rate 0) at 2019.08.19-03.48.55
[2019.08.19-01.48.55:089][286]LogWorld: Bringing up level for play took: 0.002073
[2019.08.19-01.48.55:090][286]LogLoad: Took 0.051978 seconds to LoadMap(/Game/ThirdPersonCPP/Maps/UEDPIE_1_ThirdPersonExampleMap)
[2019.08.19-01.48.55:090][286]LogNet: Welcomed by server (Level: /Game/ThirdPersonCPP/Maps/UEDPIE_1_ThirdPersonExampleMap, Game: /Script/PuzzlePlatforms.PuzzlePlatformsGameMode)
[2019.08.19-01.48.55:104][286]LogLoad: LoadMap: 127.0.0.1:17777//Game/ThirdPersonCPP/Maps/UEDPIE_1_ThirdPersonExampleMap?game=/Script/PuzzlePlatforms.PuzzlePlatformsGameMode
[2019.08.19-01.48.55:141][286]LogUObjectHash: Compacting FUObjectHashTables data took   1.73ms
[2019.08.19-01.48.55:152][286]LogAIModule: Creating AISystem for world ThirdPersonExampleMap
[2019.08.19-01.48.55:153][286]LogTemp: Display: ParseSettings for GameNetDriver
[2019.08.19-01.48.55:155][286]LogWorld: Bringing World /Game/ThirdPersonCPP/Maps/UEDPIE_3_ThirdPersonExampleMap.ThirdPersonExampleMap up for play (max tick rate 0) at 2019.08.19-03.48.55
[2019.08.19-01.48.55:155][286]LogWorld: Bringing up level for play took: 0.001722
[2019.08.19-01.48.55:156][286]LogLoad: Took 0.051738 seconds to LoadMap(/Game/ThirdPersonCPP/Maps/UEDPIE_1_ThirdPersonExampleMap)
[2019.08.19-01.48.55:170][287]LogNet: Client netspeed is 10000
[2019.08.19-01.48.55:170][287]LogNet: Join request: /Game/ThirdPersonCPP/Maps/ThirdPersonExampleMap?Name=DESKTOP-D8AKS8E-A5F25C3B4FCDD4E458D63A95E36B614A?SplitscreenCount=1
[2019.08.19-01.48.55:170][287]LogOnlineSession: Warning: OSS: No game present to join for session (GameSession)
[2019.08.19-01.48.55:173][287]LogNet: Join succeeded: DESKTOP-D8AKS8E-A5F2
[2019.08.19-01.48.55:173][287]LogNet: Client netspeed is 10000
[2019.08.19-01.48.55:173][287]LogNet: Join request: /Game/ThirdPersonCPP/Maps/ThirdPersonExampleMap?Name=DESKTOP-D8AKS8E-E382339740CAB5B099C28A95C08C9123?SplitscreenCount=1
[2019.08.19-01.48.55:174][287]LogOnlineSession: Warning: OSS: No game present to join for session (GameSession)
[2019.08.19-01.48.55:175][287]LogNet: Join succeeded: DESKTOP-D8AKS8E-E382
[2019.08.19-01.48.55:198][288]LogOnlineSession: Warning: OSS: No game present to join for session (GameSession)
[2019.08.19-01.48.55:199][288]LogOnlineSession: Warning: OSS: No game present to join for session (GameSession)
[2019.08.19-01.48.55:205][288]LogOnlineSession: Warning: OSS: No game present to join for session (GameSession)
[2019.08.19-01.48.55:216][289]LogOnlineSession: Warning: OSS: No game present to join for session (GameSession)
[2019.08.19-01.49.01:301][791]LogSlate: FSceneViewport::OnFocusLost() reason 2
[2019.08.19-01.49.11:273][515]LogBlueprintUserMessages: Early EndPlayMap Detection: Level '/Game/ThirdPersonCPP/Maps/ThirdPersonExampleMap.ThirdPersonExampleMap:PersistentLevel' has LevelScriptBlueprint '/Game/ThirdPersonCPP/Maps/ThirdPersonExampleMap.ThirdPersonExampleMap:PersistentLevel.ThirdPersonExampleMap' with GeneratedClass '/Game/ThirdPersonCPP/Maps/ThirdPersonExampleMap.ThirdPersonExampleMap_C' with ClassGeneratedBy '/Game/ThirdPersonCPP/Maps/ThirdPersonExampleMap.ThirdPersonExampleMap:PersistentLevel.ThirdPersonExampleMap'
[2019.08.19-01.49.11:273][515]LogSlate: Updating window title bar state: overlay mode, drag disabled, window buttons hidden, title bar hidden
[2019.08.19-01.49.11:278][515]LogSlate: Window 'PuzzlePlatforms Game Preview Client 2 (64-bit/PCD3D_SM5)' being destroyed
[2019.08.19-01.49.11:371][515]LogNet: World NetDriver shutdown IpNetDriver_2 [GameNetDriver]
[2019.08.19-01.49.11:371][515]LogNet: DestroyNamedNetDriver IpNetDriver_2 [GameNetDriver]
[2019.08.19-01.49.11:371][515]LogNet: UNetConnection::Close: [UNetConnection] RemoteAddr: 127.0.0.1:17777, Name: IpConnection_1, Driver: GameNetDriver IpNetDriver_2, IsServer: NO, PC: PlayerController_1, Owner: PlayerController_1, UniqueId: NULL:DESKTOP-D8AKS8E-E382339740CAB5B099C28A95C08C9123, Channels: 12, Time: 2019.08.19-01.49.11
[2019.08.19-01.49.11:371][515]LogNet: UChannel::Close: Sending CloseBunch. ChIndex == 0. Name: [UChannel] ChIndex: 0, Closing: 0 [UNetConnection] RemoteAddr: 127.0.0.1:17777, Name: IpConnection_1, Driver: GameNetDriver IpNetDriver_2, IsServer: NO, PC: PlayerController_1, Owner: PlayerController_1, UniqueId: NULL:DESKTOP-D8AKS8E-E382339740CAB5B099C28A95C08C9123
[2019.08.19-01.49.11:371][515]LogExit: GameNetDriver IpNetDriver_2 shut down
[2019.08.19-01.49.11:372][515]LogSlate: Updating window title bar state: overlay mode, drag disabled, window buttons hidden, title bar hidden
[2019.08.19-01.49.11:397][515]LogNet: World NetDriver shutdown IpNetDriver_1 [GameNetDriver]
[2019.08.19-01.49.11:397][515]LogNet: DestroyNamedNetDriver IpNetDriver_1 [GameNetDriver]
[2019.08.19-01.49.11:397][515]LogNet: UNetConnection::Close: [UNetConnection] RemoteAddr: 127.0.0.1:17777, Name: IpConnection_0, Driver: GameNetDriver IpNetDriver_1, IsServer: NO, PC: PlayerController_1, Owner: PlayerController_1, UniqueId: NULL:DESKTOP-D8AKS8E-A5F25C3B4FCDD4E458D63A95E36B614A, Channels: 12, Time: 2019.08.19-01.49.11
[2019.08.19-01.49.11:397][515]LogNet: UChannel::Close: Sending CloseBunch. ChIndex == 0. Name: [UChannel] ChIndex: 0, Closing: 0 [UNetConnection] RemoteAddr: 127.0.0.1:17777, Name: IpConnection_0, Driver: GameNetDriver IpNetDriver_1, IsServer: NO, PC: PlayerController_1, Owner: PlayerController_1, UniqueId: NULL:DESKTOP-D8AKS8E-A5F25C3B4FCDD4E458D63A95E36B614A
[2019.08.19-01.49.11:397][515]LogExit: GameNetDriver IpNetDriver_1 shut down
[2019.08.19-01.49.11:399][515]LogNet: World NetDriver shutdown IpNetDriver_0 [GameNetDriver]
[2019.08.19-01.49.11:399][515]LogNet: DestroyNamedNetDriver IpNetDriver_0 [GameNetDriver]
[2019.08.19-01.49.11:399][515]LogNet: UNetConnection::Cleanup: Closing open connection. [UNetConnection] RemoteAddr: 127.0.0.1:49278, Name: IpConnection_3, Driver: GameNetDriver IpNetDriver_0, IsServer: YES, PC: PlayerController_1, Owner: PlayerController_1, UniqueId: NULL:DESKTOP-D8AKS8E-E382339740CAB5B099C28A95C08C9123
[2019.08.19-01.49.11:399][515]LogNet: UNetConnection::Close: [UNetConnection] RemoteAddr: 127.0.0.1:49278, Name: IpConnection_3, Driver: GameNetDriver IpNetDriver_0, IsServer: YES, PC: PlayerController_1, Owner: PlayerController_1, UniqueId: NULL:DESKTOP-D8AKS8E-E382339740CAB5B099C28A95C08C9123, Channels: 12, Time: 2019.08.19-01.49.11
[2019.08.19-01.49.11:399][515]LogNet: UChannel::Close: Sending CloseBunch. ChIndex == 0. Name: [UChannel] ChIndex: 0, Closing: 0 [UNetConnection] RemoteAddr: 127.0.0.1:49278, Name: IpConnection_3, Driver: GameNetDriver IpNetDriver_0, IsServer: YES, PC: PlayerController_1, Owner: PlayerController_1, UniqueId: NULL:DESKTOP-D8AKS8E-E382339740CAB5B099C28A95C08C9123
[2019.08.19-01.49.11:399][515]LogNet: UNetConnection::Cleanup: Closing open connection. [UNetConnection] RemoteAddr: 127.0.0.1:49277, Name: IpConnection_2, Driver: GameNetDriver IpNetDriver_0, IsServer: YES, PC: PlayerController_0, Owner: PlayerController_0, UniqueId: NULL:DESKTOP-D8AKS8E-A5F25C3B4FCDD4E458D63A95E36B614A
[2019.08.19-01.49.11:399][515]LogNet: UNetConnection::Close: [UNetConnection] RemoteAddr: 127.0.0.1:49277, Name: IpConnection_2, Driver: GameNetDriver IpNetDriver_0, IsServer: YES, PC: PlayerController_0, Owner: PlayerController_0, UniqueId: NULL:DESKTOP-D8AKS8E-A5F25C3B4FCDD4E458D63A95E36B614A, Channels: 12, Time: 2019.08.19-01.49.11
[2019.08.19-01.49.11:399][515]LogNet: UChannel::Close: Sending CloseBunch. ChIndex == 0. Name: [UChannel] ChIndex: 0, Closing: 0 [UNetConnection] RemoteAddr: 127.0.0.1:49277, Name: IpConnection_2, Driver: GameNetDriver IpNetDriver_0, IsServer: YES, PC: PlayerController_0, Owner: PlayerController_0, UniqueId: NULL:DESKTOP-D8AKS8E-A5F25C3B4FCDD4E458D63A95E36B614A
[2019.08.19-01.49.11:399][515]LogExit: GameNetDriver IpNetDriver_0 shut down
[2019.08.19-01.49.11:400][515]LogPlayLevel: Display: Shutting down PIE online subsystems
[2019.08.19-01.49.11:400][515]LogBlueprintUserMessages: Late EndPlayMap Detection: Level '/Game/ThirdPersonCPP/Maps/ThirdPersonExampleMap.ThirdPersonExampleMap:PersistentLevel' has LevelScriptBlueprint '/Game/ThirdPersonCPP/Maps/ThirdPersonExampleMap.ThirdPersonExampleMap:PersistentLevel.ThirdPersonExampleMap' with GeneratedClass '/Game/ThirdPersonCPP/Maps/ThirdPersonExampleMap.ThirdPersonExampleMap_C' with ClassGeneratedBy '/Game/ThirdPersonCPP/Maps/ThirdPersonExampleMap.ThirdPersonExampleMap:PersistentLevel.ThirdPersonExampleMap'
[2019.08.19-01.49.11:440][515]LogSlate: Updating window title bar state: overlay mode, drag disabled, window buttons hidden, title bar hidden
[2019.08.19-01.49.11:447][515]LogUObjectHash: Compacting FUObjectHashTables data took   1.94ms
[2019.08.19-01.49.11:461][516]LogPlayLevel: Display: Destroying online subsystem :Context_3
[2019.08.19-01.49.11:461][516]LogPlayLevel: Display: Destroying online subsystem :Context_2
[2019.08.19-01.49.11:461][516]LogPlayLevel: Display: Destroying online subsystem :Context_1
[2019.08.19-01.56.19:092][981]LogUProjectInfo: Found projects:
[2019.08.19-01.56.20:848][190]LogSlate: Window 'Open Project' being destroyed
